<smil xmlns="http://www.w3.org/ns/SMIL" xmlns:sync="https://w3c.github.io/sync-media-pub/" version="3.0">
<body>
    <par>
        <text src="first.html#p1"/>
        <seq>
            <audio src="file.mp3" clipBegin="0" clipEnd="10"/>
            <audio src="file.mp3" clipBegin="10" clipEnd="20"/>
            <par>
                <text src="second.html#p1.5"/>
                <audio src="file.mp3" clipBegin="20" clipEnd="30"/>
                <seq>
                    <audio src="file-11.mp3" clipBegin="30" clipEnd="40"/>
                    <audio src="file-11.mp3" clipBegin="40" clipEnd="50"/>
                </seq>
            </par>
        </seq>
        <video src="vid.mov" clipBegin="30" clipEnd="50"/>
    </par>
    
    <seq>
        <par>
            <text src="abc.html#p2"/>
            <audio src="file2.mp3" clipBegin="0" clipEnd="10"/>
        </par>
        <par>
            <text src="abc.html#p3"/>
            <audio src="file2.mp3" clipBegin="10" clipEnd="20"/>
        </par>
        <par>
            <text src="abc.html#p4"/>
            <audio src="file2.mp3" clipBegin="20" clipEnd="30"/>
        </par>
        <par sync:role="sidebar">
            <text src="sidebar.html#sb"/>
            <seq>
                <par>
                    <text src="abc.html#p5"/>
                    <audio src="file3.mp3" clipBegin="0" clipEnd="10"/>
                </par>
                <par>
                    <text src="abc.html#p6"/>
                    <audio src="file3.mp3" clipBegin="10" clipEnd="20"/>
                </par>
            </seq>
        </par>
    </seq>
    <audio src="file4.mp3" clipBegin="0" clipEnd="10"/>
</body>
</smil>